22-Dec-2017 14:02:30.963 信息 [main] org.apache.catalina.startup.VersionLoggerListener.log Server version:        Apache Tomcat/9.0.2
22-Dec-2017 14:02:31.160 信息 [main] org.apache.catalina.startup.VersionLoggerListener.log Server built:          Nov 25 2017 21:08:02 UTC
22-Dec-2017 14:02:31.161 信息 [main] org.apache.catalina.startup.VersionLoggerListener.log Server number:         9.0.2.0
22-Dec-2017 14:02:31.161 信息 [main] org.apache.catalina.startup.VersionLoggerListener.log OS Name:               Windows 10
22-Dec-2017 14:02:31.162 信息 [main] org.apache.catalina.startup.VersionLoggerListener.log OS Version:            10.0
22-Dec-2017 14:02:31.163 信息 [main] org.apache.catalina.startup.VersionLoggerListener.log Architecture:          amd64
22-Dec-2017 14:02:31.163 信息 [main] org.apache.catalina.startup.VersionLoggerListener.log Java Home:             C:\Program Files\Java\jre1.8.0_152
22-Dec-2017 14:02:31.163 信息 [main] org.apache.catalina.startup.VersionLoggerListener.log JVM Version:           1.8.0_152-b16
22-Dec-2017 14:02:31.172 信息 [main] org.apache.catalina.startup.VersionLoggerListener.log JVM Vendor:            Oracle Corporation
22-Dec-2017 14:02:31.173 信息 [main] org.apache.catalina.startup.VersionLoggerListener.log CATALINA_BASE:         D:\github\tomcat
22-Dec-2017 14:02:31.173 信息 [main] org.apache.catalina.startup.VersionLoggerListener.log CATALINA_HOME:         D:\github\tomcat
22-Dec-2017 14:02:31.174 信息 [main] org.apache.catalina.startup.VersionLoggerListener.log Command line argument: -Dcatalina.home=D:\github\tomcat
22-Dec-2017 14:02:31.175 信息 [main] org.apache.catalina.startup.VersionLoggerListener.log Command line argument: -Dcatalina.base=D:\github\tomcat
22-Dec-2017 14:02:31.175 信息 [main] org.apache.catalina.startup.VersionLoggerListener.log Command line argument: -Djava.io.tmpdir=D:\github\tomcat\temp
22-Dec-2017 14:02:31.176 信息 [main] org.apache.catalina.startup.VersionLoggerListener.log Command line argument: -Djava.util.logging.manager=org.apache.juli.ClassLoaderLogManager
22-Dec-2017 14:02:31.176 信息 [main] org.apache.catalina.startup.VersionLoggerListener.log Command line argument: -Djava.util.logging.config.file=D:\github\tomcat\conf\logging.properties
22-Dec-2017 14:02:31.176 信息 [main] org.apache.catalina.startup.VersionLoggerListener.log Command line argument: exit
22-Dec-2017 14:02:31.177 信息 [main] org.apache.catalina.startup.VersionLoggerListener.log Command line argument: abort
22-Dec-2017 14:02:31.177 信息 [main] org.apache.catalina.startup.VersionLoggerListener.log Command line argument: -Xms128m
22-Dec-2017 14:02:31.178 信息 [main] org.apache.catalina.startup.VersionLoggerListener.log Command line argument: -Xmx256m
22-Dec-2017 14:02:31.179 信息 [main] org.apache.catalina.core.AprLifecycleListener.lifecycleEvent The APR based Apache Tomcat Native library which allows optimal performance in production environments was not found on the java.library.path: [D:\github\tomcat\bin;C:\Windows\Sun\Java\bin;C:\Windows\system32;C:\Windows;C:\ProgramData\Oracle\Java\javapath;C:\Program Files (x86)\Intel\iCLS Client\;C:\Program Files\Intel\iCLS Client\;C:\Windows\system32;C:\Windows;C:\Windows\System32\Wbem;C:\Windows\System32\WindowsPowerShell\v1.0\;C:\Program Files (x86)\Intel\Intel(R) Management Engine Components\DAL;C:\Program Files\Intel\Intel(R) Management Engine Components\DAL;C:\Program Files (x86)\Intel\Intel(R) Management Engine Components\IPT;C:\Program Files\Intel\Intel(R) Management Engine Components\IPT;C:\Program Files\Intel\WiFi\bin\;C:\Program Files\Common Files\Intel\WirelessCommon\;C:\Program Files\Java\jdk1.8.0_151\bin;C:\Program Files\MySQL\MySQL Server 5.7\bin;C:\Program Files\Git\cmd;D:\instantclient_12_1;C:\Program Files (x86)\scala\bin;C:\Windows\system32\config\systemprofile\AppData\Local\Microsoft\WindowsApps;.]
22-Dec-2017 14:02:35.435 信息 [main] org.apache.coyote.AbstractProtocol.init Initializing ProtocolHandler ["http-nio-8080"]
22-Dec-2017 14:02:36.237 信息 [main] org.apache.tomcat.util.net.NioSelectorPool.getSharedSelector Using a shared selector for servlet write/read
22-Dec-2017 14:02:36.271 信息 [main] org.apache.coyote.AbstractProtocol.init Initializing ProtocolHandler ["ajp-nio-8009"]
22-Dec-2017 14:02:36.279 信息 [main] org.apache.tomcat.util.net.NioSelectorPool.getSharedSelector Using a shared selector for servlet write/read
22-Dec-2017 14:02:36.280 信息 [main] org.apache.catalina.startup.Catalina.load Initialization processed in 9535 ms
22-Dec-2017 14:02:36.457 信息 [main] org.apache.catalina.core.StandardService.startInternal Starting service [Catalina]
22-Dec-2017 14:02:36.458 信息 [main] org.apache.catalina.core.StandardEngine.startInternal Starting Servlet Engine: Apache Tomcat/9.0.2
22-Dec-2017 14:02:36.499 信息 [main] org.apache.catalina.startup.HostConfig.deployDirectory Deploying web application directory [D:\github\tomcat\webapps\docs]
22-Dec-2017 14:02:38.944 信息 [main] org.apache.catalina.startup.HostConfig.deployDirectory Deployment of web application directory [D:\github\tomcat\webapps\docs] has finished in [2,433] ms
22-Dec-2017 14:02:38.954 信息 [main] org.apache.catalina.startup.HostConfig.deployDirectory Deploying web application directory [D:\github\tomcat\webapps\host-manager]
22-Dec-2017 14:02:39.230 信息 [main] org.apache.catalina.startup.HostConfig.deployDirectory Deployment of web application directory [D:\github\tomcat\webapps\host-manager] has finished in [276] ms
22-Dec-2017 14:02:39.231 信息 [main] org.apache.catalina.startup.HostConfig.deployDirectory Deploying web application directory [D:\github\tomcat\webapps\manager]
22-Dec-2017 14:02:39.370 信息 [main] org.apache.catalina.startup.HostConfig.deployDirectory Deployment of web application directory [D:\github\tomcat\webapps\manager] has finished in [135] ms
22-Dec-2017 14:02:39.371 信息 [main] org.apache.catalina.startup.HostConfig.deployDirectory Deploying web application directory [D:\github\tomcat\webapps\ROOT]
22-Dec-2017 14:02:39.460 信息 [main] org.apache.catalina.startup.HostConfig.deployDirectory Deployment of web application directory [D:\github\tomcat\webapps\ROOT] has finished in [88] ms
22-Dec-2017 14:02:39.475 信息 [main] org.apache.coyote.AbstractProtocol.start Starting ProtocolHandler ["http-nio-8080"]
22-Dec-2017 14:02:39.532 信息 [main] org.apache.coyote.AbstractProtocol.start Starting ProtocolHandler ["ajp-nio-8009"]
22-Dec-2017 14:02:39.547 信息 [main] org.apache.catalina.startup.Catalina.start Server startup in 3266 ms
22-Dec-2017 14:08:29.482 警告 [main] org.apache.catalina.core.StandardServer.await StandardServer.await: Invalid command '' received
22-Dec-2017 14:08:54.953 警告 [main] org.apache.catalina.core.StandardServer.await StandardServer.await: Invalid command '' received
22-Dec-2017 14:09:43.560 信息 [Thread-6] org.apache.coyote.AbstractProtocol.pause Pausing ProtocolHandler ["http-nio-8080"]
22-Dec-2017 14:09:44.128 信息 [Thread-6] org.apache.coyote.AbstractProtocol.pause Pausing ProtocolHandler ["ajp-nio-8009"]
22-Dec-2017 14:09:44.640 信息 [Thread-6] org.apache.catalina.core.StandardService.stopInternal Stopping service [Catalina]
22-Dec-2017 14:09:44.888 信息 [Thread-6] org.apache.coyote.AbstractProtocol.stop Stopping ProtocolHandler ["http-nio-8080"]
22-Dec-2017 14:09:44.898 信息 [Thread-6] org.apache.coyote.AbstractProtocol.stop Stopping ProtocolHandler ["ajp-nio-8009"]
